
  .   ____          _            __ _ _
 /\\ / ___'_ __ _ _(_)_ __  __ _ \ \ \ \
( ( )\___ | '_ | '_| | '_ \/ _` | \ \ \ \
 \\/  ___)| |_)| | | | | || (_| |  ) ) ) )
  '  |____| .__|_| |_|_| |_\__, | / / / /
 =========|_|==============|___/=/_/_/_/
 :: Spring Boot ::        (v2.1.9.RELEASE)

2019-10-13 14:57:41.146  INFO 31941 --- [           main] c.hkdemircan.jenkins.JenkinsApplication  : Starting JenkinsApplication v0.0.1-SNAPSHOT on hkdemircan with PID 31941 (/home/hkdemircan/Desktop/jenkins-test/target/jenkins-0.0.1-SNAPSHOT.war started by hkdemircan in /home/hkdemircan/Desktop/jenkins-test)
2019-10-13 14:57:41.148  INFO 31941 --- [           main] c.hkdemircan.jenkins.JenkinsApplication  : No active profile set, falling back to default profiles: default
2019-10-13 14:57:41.996  INFO 31941 --- [           main] o.s.b.w.embedded.tomcat.TomcatWebServer  : Tomcat initialized with port(s): 8080 (http)
2019-10-13 14:57:42.020  INFO 31941 --- [           main] o.apache.catalina.core.StandardService   : Starting service [Tomcat]
2019-10-13 14:57:42.020  INFO 31941 --- [           main] org.apache.catalina.core.StandardEngine  : Starting Servlet engine: [Apache Tomcat/9.0.26]
2019-10-13 14:57:42.421  INFO 31941 --- [           main] o.a.c.c.C.[Tomcat].[localhost].[/]       : Initializing Spring embedded WebApplicationContext
2019-10-13 14:57:42.421  INFO 31941 --- [           main] o.s.web.context.ContextLoader            : Root WebApplicationContext: initialization completed in 1237 ms
2019-10-13 14:57:42.580  INFO 31941 --- [           main] o.s.s.concurrent.ThreadPoolTaskExecutor  : Initializing ExecutorService 'applicationTaskExecutor'
2019-10-13 14:57:42.725  INFO 31941 --- [           main] o.s.b.w.embedded.tomcat.TomcatWebServer  : Tomcat started on port(s): 8080 (http) with context path ''
2019-10-13 14:57:42.727  INFO 31941 --- [           main] c.hkdemircan.jenkins.JenkinsApplication  : Started JenkinsApplication in 1.875 seconds (JVM running for 2.174)
2019-10-13 14:57:54.361  INFO 31941 --- [nio-8080-exec-1] o.a.c.c.C.[Tomcat].[localhost].[/]       : Initializing Spring DispatcherServlet 'dispatcherServlet'
2019-10-13 14:57:54.361  INFO 31941 --- [nio-8080-exec-1] o.s.web.servlet.DispatcherServlet        : Initializing Servlet 'dispatcherServlet'
2019-10-13 14:57:54.367  INFO 31941 --- [nio-8080-exec-1] o.s.web.servlet.DispatcherServlet        : Completed initialization in 6 ms
2019-10-13 14:57:58.297  INFO 31941 --- [       Thread-3] o.s.s.concurrent.ThreadPoolTaskExecutor  : Shutting down ExecutorService 'applicationTaskExecutor'
